[build] C:\Users\AI\lunaos\toolchains\winlibs\mingw64\bin\gcc.exe -ffreestanding -fno-builtin -fno-stack-protector -fno-asynchronous-unwind-tables -fno-unwind-tables -mno-red-zone -O2 -std=c11 -Wall -Wextra -I C:\Users\AI\lunaos\include -c C:\Users\AI\lunaos\boot\main.c -o C:\Users\AI\lunaos\build\obj\boot_main.o
[build] C:\Users\AI\lunaos\toolchains\winlibs\mingw64\bin\nasm.exe -f win64 C:\Users\AI\lunaos\boot\entry.asm -o C:\Users\AI\lunaos\build\obj\boot_entry.o
[build] C:\Users\AI\lunaos\toolchains\winlibs\mingw64\bin\ld.exe -m i386pep --image-base 0x0 --file-alignment 16 --section-alignment 16 -T C:\Users\AI\lunaos\boot\boot.ld -o C:\Users\AI\lunaos\build\obj\boot_stage.exe C:\Users\AI\lunaos\build\obj\boot_entry.o C:\Users\AI\lunaos\build\obj\boot_main.o
[build] C:\Users\AI\lunaos\toolchains\rustup-home\toolchains\stable-x86_64-pc-windows-gnu\bin\rustc.exe --crate-name luna_security --edition=2024 --target x86_64-pc-windows-gnu -O -C panic=abort --emit obj -o C:\Users\AI\lunaos\build\obj\security_main.o C:\Users\AI\lunaos\security\src\main.rs
[build] C:\Users\AI\lunaos\toolchains\winlibs\mingw64\bin\ld.exe -m i386pep --image-base 0x0 --file-alignment 16 --section-alignment 16 -T C:\Users\AI\lunaos\security\security.ld -o C:\Users\AI\lunaos\build\obj\security_stage.exe C:\Users\AI\lunaos\build\obj\security_main.o
[build] C:\Users\AI\lunaos\toolchains\rustup-home\toolchains\stable-x86_64-pc-windows-gnu\bin\rustc.exe --crate-name luna_data --edition=2024 --target x86_64-pc-windows-gnu -O -C panic=abort --emit obj -o C:\Users\AI\lunaos\build\obj\data_main.o C:\Users\AI\lunaos\data\src\main.rs
[build] C:\Users\AI\lunaos\toolchains\winlibs\mingw64\bin\ld.exe -m i386pep --image-base 0x0 --file-alignment 16 --section-alignment 16 -T C:\Users\AI\lunaos\data\data.ld -o C:\Users\AI\lunaos\build\obj\data_stage.exe C:\Users\AI\lunaos\build\obj\data_main.o
[build] C:\Users\AI\lunaos\toolchains\rustup-home\toolchains\stable-x86_64-pc-windows-gnu\bin\rustc.exe --crate-name luna_lifecycle --edition=2024 --target x86_64-pc-windows-gnu -O -C panic=abort --emit obj -o C:\Users\AI\lunaos\build\obj\lifecycle_main.o C:\Users\AI\lunaos\lifecycle\src\main.rs
[build] C:\Users\AI\lunaos\toolchains\winlibs\mingw64\bin\ld.exe -m i386pep --image-base 0x0 --file-alignment 16 --section-alignment 16 -T C:\Users\AI\lunaos\lifecycle\lifecycle.ld -o C:\Users\AI\lunaos\build\obj\lifecycle_stage.exe C:\Users\AI\lunaos\build\obj\lifecycle_main.o
[build] C:\Users\AI\lunaos\toolchains\rustup-home\toolchains\stable-x86_64-pc-windows-gnu\bin\rustc.exe --crate-name luna_system --edition=2024 --target x86_64-pc-windows-gnu -O -C panic=abort --emit obj -o C:\Users\AI\lunaos\build\obj\system_main.o C:\Users\AI\lunaos\system\src\main.rs
[build] C:\Users\AI\lunaos\toolchains\winlibs\mingw64\bin\ld.exe -m i386pep --image-base 0x0 --file-alignment 16 --section-alignment 16 -T C:\Users\AI\lunaos\system\system.ld -o C:\Users\AI\lunaos\build\obj\system_stage.exe C:\Users\AI\lunaos\build\obj\system_main.o
[build] C:\Users\AI\lunaos\toolchains\winlibs\mingw64\bin\gcc.exe -ffreestanding -fno-builtin -fno-stack-protector -fno-asynchronous-unwind-tables -fno-unwind-tables -mno-red-zone -O2 -std=c11 -Wall -Wextra -I C:\Users\AI\lunaos\include -c C:\Users\AI\lunaos\program\main.c -o C:\Users\AI\lunaos\build\obj\program_main.o
[build] C:\Users\AI\lunaos\toolchains\winlibs\mingw64\bin\ld.exe -m i386pep --image-base 0x0 --file-alignment 16 --section-alignment 16 -T C:\Users\AI\lunaos\program\program.ld -o C:\Users\AI\lunaos\build\obj\program_stage.exe C:\Users\AI\lunaos\build\obj\program_main.o
[build] C:\Users\AI\lunaos\toolchains\winlibs\mingw64\bin\gcc.exe -ffreestanding -fno-builtin -fno-stack-protector -fno-asynchronous-unwind-tables -fno-unwind-tables -mno-red-zone -O2 -std=c11 -Wall -Wextra -I C:\Users\AI\lunaos\include -c C:\Users\AI\lunaos\time\main.c -o C:\Users\AI\lunaos\build\obj\time_main.o
[build] C:\Users\AI\lunaos\toolchains\winlibs\mingw64\bin\ld.exe -m i386pep --image-base 0x0 --file-alignment 16 --section-alignment 16 -T C:\Users\AI\lunaos\time\time.ld -o C:\Users\AI\lunaos\build\obj\time_stage.exe C:\Users\AI\lunaos\build\obj\time_main.o
[build] C:\Users\AI\lunaos\toolchains\winlibs\mingw64\bin\gcc.exe -ffreestanding -fno-builtin -fno-stack-protector -fno-asynchronous-unwind-tables -fno-unwind-tables -mno-red-zone -O2 -std=c11 -Wall -Wextra -I C:\Users\AI\lunaos\include -c C:\Users\AI\lunaos\device\main.c -o C:\Users\AI\lunaos\build\obj\device_main.o
[build] C:\Users\AI\lunaos\toolchains\winlibs\mingw64\bin\ld.exe -m i386pep --image-base 0x0 --file-alignment 16 --section-alignment 16 -T C:\Users\AI\lunaos\device\device.ld -o C:\Users\AI\lunaos\build\obj\device_stage.exe C:\Users\AI\lunaos\build\obj\device_main.o
[build] C:\Users\AI\lunaos\toolchains\winlibs\mingw64\bin\gcc.exe -ffreestanding -fno-builtin -fno-stack-protector -fno-asynchronous-unwind-tables -fno-unwind-tables -mno-red-zone -O2 -std=c11 -Wall -Wextra -I C:\Users\AI\lunaos\include -c C:\Users\AI\lunaos\observe\main.c -o C:\Users\AI\lunaos\build\obj\observe_main.o
[build] C:\Users\AI\lunaos\toolchains\winlibs\mingw64\bin\ld.exe -m i386pep --image-base 0x0 --file-alignment 16 --section-alignment 16 -T C:\Users\AI\lunaos\observe\observe.ld -o C:\Users\AI\lunaos\build\obj\observe_stage.exe C:\Users\AI\lunaos\build\obj\observe_main.o
[build] C:\Users\AI\lunaos\toolchains\winlibs\mingw64\bin\gcc.exe -ffreestanding -fno-builtin -fno-stack-protector -fno-asynchronous-unwind-tables -fno-unwind-tables -mno-red-zone -O2 -std=c11 -Wall -Wextra -I C:\Users\AI\lunaos\include -c C:\Users\AI\lunaos\network\main.c -o C:\Users\AI\lunaos\build\obj\network_main.o
[build] C:\Users\AI\lunaos\toolchains\winlibs\mingw64\bin\ld.exe -m i386pep --image-base 0x0 --file-alignment 16 --section-alignment 16 -T C:\Users\AI\lunaos\network\network.ld -o C:\Users\AI\lunaos\build\obj\network_stage.exe C:\Users\AI\lunaos\build\obj\network_main.o
[build] C:\Users\AI\lunaos\toolchains\winlibs\mingw64\bin\gcc.exe -ffreestanding -fno-builtin -fno-stack-protector -fno-asynchronous-unwind-tables -fno-unwind-tables -mno-red-zone -O2 -std=c11 -Wall -Wextra -I C:\Users\AI\lunaos\include -c C:\Users\AI\lunaos\graphics\main.c -o C:\Users\AI\lunaos\build\obj\graphics_stage_0.o
[build] C:\Users\AI\lunaos\toolchains\winlibs\mingw64\bin\gcc.exe -ffreestanding -fno-builtin -fno-stack-protector -fno-asynchronous-unwind-tables -fno-unwind-tables -mno-red-zone -O2 -std=c11 -Wall -Wextra -I C:\Users\AI\lunaos\include -c C:\Users\AI\lunaos\graphics\fb_backend.c -o C:\Users\AI\lunaos\build\obj\graphics_stage_1.o
[build] C:\Users\AI\lunaos\toolchains\winlibs\mingw64\bin\gcc.exe -ffreestanding -fno-builtin -fno-stack-protector -fno-asynchronous-unwind-tables -fno-unwind-tables -mno-red-zone -O2 -std=c11 -Wall -Wextra -I C:\Users\AI\lunaos\include -c C:\Users\AI\lunaos\graphics\ui_backend.c -o C:\Users\AI\lunaos\build\obj\graphics_stage_2.o
[build] C:\Users\AI\lunaos\toolchains\winlibs\mingw64\bin\gcc.exe -ffreestanding -fno-builtin -fno-stack-protector -fno-asynchronous-unwind-tables -fno-unwind-tables -mno-red-zone -O2 -std=c11 -Wall -Wextra -I C:\Users\AI\lunaos\include -c C:\Users\AI\lunaos\graphics\window_store.c -o C:\Users\AI\lunaos\build\obj\graphics_stage_3.o
[build] C:\Users\AI\lunaos\toolchains\winlibs\mingw64\bin\gcc.exe -ffreestanding -fno-builtin -fno-stack-protector -fno-asynchronous-unwind-tables -fno-unwind-tables -mno-red-zone -O2 -std=c11 -Wall -Wextra -I C:\Users\AI\lunaos\include -c C:\Users\AI\lunaos\graphics\scene_render.c -o C:\Users\AI\lunaos\build\obj\graphics_stage_4.o
[build] C:\Users\AI\lunaos\toolchains\winlibs\mingw64\bin\gcc.exe -ffreestanding -fno-builtin -fno-stack-protector -fno-asynchronous-unwind-tables -fno-unwind-tables -mno-red-zone -O2 -std=c11 -Wall -Wextra -I C:\Users\AI\lunaos\include -c C:\Users\AI\lunaos\graphics\shell_surfaces.c -o C:\Users\AI\lunaos\build\obj\graphics_stage_5.o
[build] C:\Users\AI\lunaos\toolchains\winlibs\mingw64\bin\gcc.exe -ffreestanding -fno-builtin -fno-stack-protector -fno-asynchronous-unwind-tables -fno-unwind-tables -mno-red-zone -O2 -std=c11 -Wall -Wextra -I C:\Users\AI\lunaos\include -c C:\Users\AI\lunaos\graphics\hit_test.c -o C:\Users\AI\lunaos\build\obj\graphics_stage_6.o
[build] C:\Users\AI\lunaos\toolchains\winlibs\mingw64\bin\gcc.exe -ffreestanding -fno-builtin -fno-stack-protector -fno-asynchronous-unwind-tables -fno-unwind-tables -mno-red-zone -O2 -std=c11 -Wall -Wextra -I C:\Users\AI\lunaos\include -c C:\Users\AI\lunaos\graphics\gate.c -o C:\Users\AI\lunaos\build\obj\graphics_stage_7.o
[build] C:\Users\AI\lunaos\toolchains\winlibs\mingw64\bin\gcc.exe -ffreestanding -fno-builtin -fno-stack-protector -fno-asynchronous-unwind-tables -fno-unwind-tables -mno-red-zone -O2 -std=c11 -Wall -Wextra -I C:\Users\AI\lunaos\include -c C:\Users\AI\lunaos\graphics\ui.c -o C:\Users\AI\lunaos\build\obj\graphics_stage_8.o
[build] C:\Users\AI\lunaos\toolchains\winlibs\mingw64\bin\ld.exe -m i386pep --image-base 0x0 --file-alignment 16 --section-alignment 16 -T C:\Users\AI\lunaos\graphics\graphics.ld -o C:\Users\AI\lunaos\build\obj\graphics_stage.exe C:\Users\AI\lunaos\build\obj\graphics_stage_0.o C:\Users\AI\lunaos\build\obj\graphics_stage_1.o C:\Users\AI\lunaos\build\obj\graphics_stage_2.o C:\Users\AI\lunaos\build\obj\graphics_stage_3.o C:\Users\AI\lunaos\build\obj\graphics_stage_4.o C:\Users\AI\lunaos\build\obj\graphics_stage_5.o C:\Users\AI\lunaos\build\obj\graphics_stage_6.o C:\Users\AI\lunaos\build\obj\graphics_stage_7.o C:\Users\AI\lunaos\build\obj\graphics_stage_8.o
[build] C:\Users\AI\lunaos\toolchains\winlibs\mingw64\bin\gcc.exe -ffreestanding -fno-builtin -fno-stack-protector -fno-asynchronous-unwind-tables -fno-unwind-tables -mno-red-zone -O2 -std=c11 -Wall -Wextra -I C:\Users\AI\lunaos\include -c C:\Users\AI\lunaos\package\main.c -o C:\Users\AI\lunaos\build\obj\package_main.o
[build] C:\Users\AI\lunaos\toolchains\winlibs\mingw64\bin\ld.exe -m i386pep --image-base 0x0 --file-alignment 16 --section-alignment 16 -T C:\Users\AI\lunaos\package\package.ld -o C:\Users\AI\lunaos\build\obj\package_stage.exe C:\Users\AI\lunaos\build\obj\package_main.o
[build] C:\Users\AI\lunaos\toolchains\winlibs\mingw64\bin\gcc.exe -ffreestanding -fno-builtin -fno-stack-protector -fno-asynchronous-unwind-tables -fno-unwind-tables -mno-red-zone -O2 -std=c11 -Wall -Wextra -I C:\Users\AI\lunaos\include -c C:\Users\AI\lunaos\update\main.c -o C:\Users\AI\lunaos\build\obj\update_main.o
[build] C:\Users\AI\lunaos\toolchains\winlibs\mingw64\bin\ld.exe -m i386pep --image-base 0x0 --file-alignment 16 --section-alignment 16 -T C:\Users\AI\lunaos\update\update.ld -o C:\Users\AI\lunaos\build\obj\update_stage.exe C:\Users\AI\lunaos\build\obj\update_main.o
[build] C:\Users\AI\lunaos\toolchains\winlibs\mingw64\bin\gcc.exe -ffreestanding -fno-builtin -fno-stack-protector -fno-asynchronous-unwind-tables -fno-unwind-tables -mno-red-zone -O2 -std=c11 -Wall -Wextra -I C:\Users\AI\lunaos\include -c C:\Users\AI\lunaos\ai\main.c -o C:\Users\AI\lunaos\build\obj\ai_main.o
[build] C:\Users\AI\lunaos\toolchains\winlibs\mingw64\bin\ld.exe -m i386pep --image-base 0x0 --file-alignment 16 --section-alignment 16 -T C:\Users\AI\lunaos\ai\ai.ld -o C:\Users\AI\lunaos\build\obj\ai_stage.exe C:\Users\AI\lunaos\build\obj\ai_main.o
[build] C:\Users\AI\lunaos\toolchains\winlibs\mingw64\bin\gcc.exe -ffreestanding -fno-builtin -fno-stack-protector -fno-asynchronous-unwind-tables -fno-unwind-tables -mno-red-zone -O2 -std=c11 -Wall -Wextra -I C:\Users\AI\lunaos\include -c C:\Users\AI\lunaos\user\main.c -o C:\Users\AI\lunaos\build\obj\user_main.o
[build] C:\Users\AI\lunaos\toolchains\winlibs\mingw64\bin\ld.exe -m i386pep --image-base 0x0 --file-alignment 16 --section-alignment 16 -T C:\Users\AI\lunaos\user\user.ld -o C:\Users\AI\lunaos\build\obj\user_stage.exe C:\Users\AI\lunaos\build\obj\user_main.o
[build] C:\Users\AI\lunaos\toolchains\winlibs\mingw64\bin\gcc.exe -ffreestanding -fno-builtin -fno-stack-protector -fno-asynchronous-unwind-tables -fno-unwind-tables -mno-red-zone -O2 -std=c11 -Wall -Wextra -I C:\Users\AI\lunaos\include -c C:\Users\AI\lunaos\test\main.c -o C:\Users\AI\lunaos\build\obj\test_main.o
[build] C:\Users\AI\lunaos\toolchains\winlibs\mingw64\bin\ld.exe -m i386pep --image-base 0x0 --file-alignment 16 --section-alignment 16 -T C:\Users\AI\lunaos\test\test.ld -o C:\Users\AI\lunaos\build\obj\test_stage.exe C:\Users\AI\lunaos\build\obj\test_main.o
[build] C:\Users\AI\lunaos\toolchains\winlibs\mingw64\bin\gcc.exe -ffreestanding -fno-builtin -fno-stack-protector -fno-asynchronous-unwind-tables -fno-unwind-tables -mno-red-zone -O2 -std=c11 -Wall -Wextra -I C:\Users\AI\lunaos\include -c C:\Users\AI\lunaos\apps\guard_app.c -o C:\Users\AI\lunaos\build\obj\guard_app_main.o
[build] C:\Users\AI\lunaos\toolchains\winlibs\mingw64\bin\ld.exe -m i386pep --image-base 0x0 --file-alignment 16 --section-alignment 16 -T C:\Users\AI\lunaos\apps\guard_app.ld -o C:\Users\AI\lunaos\build\obj\guard_app_stage.exe C:\Users\AI\lunaos\build\obj\guard_app_main.o
[build] C:\Users\AI\lunaos\toolchains\winlibs\mingw64\bin\gcc.exe -ffreestanding -fno-builtin -fno-stack-protector -fno-asynchronous-unwind-tables -fno-unwind-tables -mno-red-zone -O2 -std=c11 -Wall -Wextra -I C:\Users\AI\lunaos\include -c C:\Users\AI\lunaos\apps\hello_app.c -o C:\Users\AI\lunaos\build\obj\hello_app_main.o
[build] C:\Users\AI\lunaos\toolchains\winlibs\mingw64\bin\ld.exe -m i386pep --image-base 0x0 --file-alignment 16 --section-alignment 16 -T C:\Users\AI\lunaos\apps\hello_app.ld -o C:\Users\AI\lunaos\build\obj\hello_app_stage.exe C:\Users\AI\lunaos\build\obj\hello_app_main.o
[build] C:\Users\AI\lunaos\toolchains\winlibs\mingw64\bin\gcc.exe -ffreestanding -fno-builtin -fno-stack-protector -fno-asynchronous-unwind-tables -fno-unwind-tables -mno-red-zone -O2 -std=c11 -Wall -Wextra -I C:\Users\AI\lunaos\include -c C:\Users\AI\lunaos\apps\files_app.c -o C:\Users\AI\lunaos\build\obj\files_app_main.o
[build] C:\Users\AI\lunaos\toolchains\winlibs\mingw64\bin\ld.exe -m i386pep --image-base 0x0 --file-alignment 16 --section-alignment 16 -T C:\Users\AI\lunaos\apps\files_app.ld -o C:\Users\AI\lunaos\build\obj\files_app_stage.exe C:\Users\AI\lunaos\build\obj\files_app_main.o
[build] C:\Users\AI\lunaos\toolchains\winlibs\mingw64\bin\gcc.exe -ffreestanding -fno-builtin -fno-stack-protector -fno-asynchronous-unwind-tables -fno-unwind-tables -mno-red-zone -O2 -std=c11 -Wall -Wextra -I C:\Users\AI\lunaos\include -c C:\Users\AI\lunaos\apps\notes_app.c -o C:\Users\AI\lunaos\build\obj\notes_app_main.o
[build] C:\Users\AI\lunaos\toolchains\winlibs\mingw64\bin\ld.exe -m i386pep --image-base 0x0 --file-alignment 16 --section-alignment 16 -T C:\Users\AI\lunaos\apps\notes_app.ld -o C:\Users\AI\lunaos\build\obj\notes_app_stage.exe C:\Users\AI\lunaos\build\obj\notes_app_main.o
[build] C:\Users\AI\lunaos\toolchains\winlibs\mingw64\bin\gcc.exe -ffreestanding -fno-builtin -fno-stack-protector -fno-asynchronous-unwind-tables -fno-unwind-tables -mno-red-zone -O2 -std=c11 -Wall -Wextra -I C:\Users\AI\lunaos\include -c C:\Users\AI\lunaos\apps\console_app.c -o C:\Users\AI\lunaos\build\obj\console_app_main.o
[build] C:\Users\AI\lunaos\toolchains\winlibs\mingw64\bin\ld.exe -m i386pep --image-base 0x0 --file-alignment 16 --section-alignment 16 -T C:\Users\AI\lunaos\apps\console_app.ld -o C:\Users\AI\lunaos\build\obj\console_app_stage.exe C:\Users\AI\lunaos\build\obj\console_app_main.o
[build] C:\Users\AI\lunaos\toolchains\winlibs\mingw64\bin\nasm.exe -f bin -DSTAGE_LBA=2 -DSTAGE_SECTORS=3472 -DSTAGE_LOAD_ADDR=0x200000 -DSTAGE_ENTRY_OFFSET=31 -DSTAGE_PD_ENTRY_COUNT=512 C:\Users\AI\lunaos\boot\lunaloader.asm -o C:\Users\AI\lunaos\build\obj\lunaloader_stage1.bin
[build] C:\Users\AI\lunaos\toolchains\winlibs\mingw64\bin\nasm.exe -f bin -DSTAGE_LBA=3 -DSTAGE_SECTORS=3472 -DSTAGE_LOAD_ADDR=0x200000 -DSTAGE_ENTRY_OFFSET=31 -DSTAGE_PD_ENTRY_COUNT=512 C:\Users\AI\lunaos\boot\lunaloader.asm -o C:\Users\AI\lunaos\build\obj\lunaloader_stage1.bin
[build] C:\Users\AI\lunaos\toolchains\winlibs\mingw64\bin\nasm.exe -f bin -DLUNALOADER_SECTORS=2 C:\Users\AI\lunaos\boot\bootsector.asm -o C:\Users\AI\lunaos\build\obj\bootsector.bin
[build] C:\Users\AI\lunaos\toolchains\winlibs\mingw64\bin\gcc.exe -ffreestanding -fno-builtin -fno-stack-protector -fno-asynchronous-unwind-tables -fno-unwind-tables -mno-red-zone -fshort-wchar -O2 -std=c11 -Wall -Wextra -I C:\Users\AI\lunaos\build\obj -c C:\Users\AI\lunaos\build\uefi_loader.c -o C:\Users\AI\lunaos\build\obj\uefi_loader.o
[build] C:\Users\AI\lunaos\toolchains\winlibs\mingw64\bin\ld.exe -m i386pep --subsystem 10 --image-base 0x0 --file-alignment 0x200 --section-alignment 0x1000 -e efi_main -o C:\Users\AI\lunaos\build\manual_bootx64.efi C:\Users\AI\lunaos\build\obj\uefi_loader.o
[build] image: C:\Users\AI\lunaos\build\lunaos.img
[build] uefi: C:\Users\AI\lunaos\build\EFI\BOOT\BOOTX64.EFI
[build] esp: C:\Users\AI\lunaos\build\lunaos_esp.img
[build] disk: C:\Users\AI\lunaos\build\lunaos_disk.img
[build] iso: C:\Users\AI\lunaos\build\lunaos_installer.iso
[build] sectors: 3472
[build] boot bytes: 2736
[build] security bytes: 28192
[build] data bytes: 48656
[build] lifecycle bytes: 5264
[build] system bytes: 14208
[build] program bytes: 272576
[build] time bytes: 1584
[build] device bytes: 53248
[build] observe bytes: 3168
[build] network bytes: 17536
[build] graphics bytes: 65152
[build] package bytes: 57632
[build] update bytes: 26400
[build] ai bytes: 2704
[build] user bytes: 97088
[build] diag bytes: 7632
[build] guard.la bytes: 6880
[build] guard.luna bytes: 6952
[build] hello.la bytes: 2576
[build] hello.luna bytes: 2648
[build] files.la bytes: 12992
[build] files.luna bytes: 13064
[build] notes.la bytes: 3856
[build] notes.luna bytes: 3928
[build] console.la bytes: 1072
[build] console.luna bytes: 1144
[build] manifest @ 0x3B0000
