[2J[01;01H[=3h[2J[01;01H[2J[01;01H[=3h[2J[01;01H[2J[01;01H[=3h[2J[01;01HBdsDxe: loading Boot0001 "UEFI QEMU HARDDISK QM00001 " from PciRoot(0x0)/Pci(0x1F,0x2)/Sata(0x0,0xFFFF,0x0)
BdsDxe: starting Boot0001 "UEFI QEMU HARDDISK QM00001 " from PciRoot(0x0)/Pci(0x1F,0x2)/Sata(0x0,0xFFFF,0x0)
LunaLoader UEFI Stage 1 handoff
[BOOT] dawn online
[BOOT] bootview enter
[BOOT] bootview done
[BOOT] fb done
[BOOT] security enter
[SECURITY] boot enter
[SECURITY] seed cid
[SECURITY] pour cid
[SECURITY] draw cid
[SECURITY] gather cid
[SECURITY] ready
[BOOT] security return
[BOOT] request enter
[BOOT] capability request ok
[BOOT] roster enter
[BOOT] capability roster ok
[BOOT] lifecycle enter
[LIFECYCLE] ledger online
[BOOT] lifecycle return
[BOOT] system enter
[SYSTEM] atlas online
[SYSTEM] Spawning DEVICE space...
[LIFECYCLE] Spawning space  5
[LIFECYCLE] device boot enter
[DEVICE] clock ready
[VIRTKBD] feat 00000101:30000000
[VIRTKBD] ready q=0008 bus=00:03.00
[DEVICE] input ready
[DEVICE] lane ready
[LIFECYCLE] device boot return
[LIFECYCLE] device log enable
[LIFECYCLE] device log ready
[SYSTEM] Space 5 ready.
[SYSTEM] Spawning DATA space...
[LIFECYCLE] Spawning space  2
[SYSTEM] Space 2 ready.
[SYSTEM] Spawning GRAPHICS space...
[LIFECYCLE] Spawning space  4
[GRAPHICS] console ready
[SYSTEM] Space 4 ready.
[SYSTEM] Spawning NETWORK space...
[LIFECYCLE] Spawning space  6
[NETWORK] lunalink ready
[SYSTEM] Space 6 ready.
[SYSTEM] Spawning TIME space...
[LIFECYCLE] Spawning space  8
[TIME] pulse ready
[SYSTEM] Space 8 ready.
[SYSTEM] Spawning OBSERVE space...
[LIFECYCLE] Spawning space 10
[OBSERVE] ribbon ready
[SYSTEM] Space 10 ready.
[SYSTEM] Spawning PROGRAM space...
[LIFECYCLE] Spawning space 12
[SYSTEM] Space 12 ready.
[SYSTEM] Spawning AI space...
[LIFECYCLE] Spawning space 11
[AI] yuesi stub ready
[SYSTEM] Space 11 ready.
[SYSTEM] Spawning PACKAGE space...
[LIFECYCLE] Spawning space 13
guard
[SYSTEM] Space 13 ready.
[SYSTEM] Spawning UPDATE space...
[LIFECYCLE] Spawning space 14
[UPDATE] wave ready
[SYSTEM] Space 14 ready.
[SYSTEM] Spawning USER space...
[LIFECYCLE] Spawning space  7
[USERDBG] enter
[USERDBG] caps ok
[USERDBG] drain ok
[USER] shell ready
[USER] input lane ready
first-setup required: no hostname or user configured
setup.init <hostname> <username> <password>
[USERDBG] msg ok
setup.status
setup state=required login=locked user=guest host=luna
setup.next=setup.init
setup.init luna dev secret
setup.init ok: host and first user created
login ok: session active
whoami
dev
hostname
luna
home.status
home owner=dev@luna
home.root=0x4C41465300000020
home.documents=0x4C41465300000022 home.desktop=0x4C41465300000023 home.downloads=0x4C41465300000024
cap-count
caps: 021
space-map
BOOT state=active mem=0 time=0 event=BOOTLIVE
SECURITY state=active mem=0 time=0 event=SECREADY
LIFECYCLE state=active mem=0 time=0 event=LIFEREAD
SYSTEM state=active mem=0 time=2 event=SYSREADY
DEVICE state=active mem=0 time=0 event=DEVREADY
DATA state=active mem=8 time=0 event=LAFSDISK
GRAPHICS state=active mem=0 time=0 event=GVXREADY
NETWORK state=active mem=0 time=0 event=NETREADY
TIME state=active mem=0 time=0 event=TIMEREAD
OBSERVE state=active mem=0 time=0 event=OBSREADY
PROGRAM state=active mem=0 time=0 event=PROGREAD
AI state=active mem=0 time=0 event=AIREADY!
PACKAGE state=active mem=0 time=0 event=PKGREADY
UPDATE state=active mem=0 time=0 event=UPDREADY
USER state=booting mem=0 time=0 event=USRBOOTI
list-apps
Settings
Files
Notes
Guard
Console
package.install sample
sample
package.install ok
package.install app=sample.luna status=installed
package.install package=sample.luna
package.install result=visible in Apps and ready to open
package.install next=run sample.luna
list-apps
Settings
Files
Notes
Guard
Console
sample.luna
run sample
launch request: sample.luna
apps 1-5 or F/N/G/C/H
menu Esc   focus Tab
move or browse with arrows
open with Enter
type in Notes when the note is focused
next open Settings, Files, or Notes
window keys F6 close  F7 hide  F8 zoom
package.remove sample
package.remove ok
package.remove app=sample status=removed
package.remove package=sample
package.remove result=removed from Apps and launch blocked
list-apps
Settings
Files
Notes
Guard
Console
run sample
launch request: sample
launch failed
use help or list-apps to choose an installed app
run Settings
launch request: Settings
settings surface ready
[DESKTOP] status launcher=closed control=closed theme=0 selected=Settings update=idle pair=unavailable policy=deny
settings.user account=dev host=luna session=active
settings.home root=0x4C41465300000020 documents=0x4C41465300000022 desktop=0x4C41465300000023 downloads=0x4C41465300000024
settings.update mode=read-only action=check-only
settings.update state=idle current=0 target=0 user=dev
settings.update entry=update.status action=check-only
settings.pairing mode=not-ready action=not ready
settings.pairing state=unavailable peer=0 user=dev
settings.pairing entry=pairing.status action=trust loop peer
settings.policy state=deny user=dev
settings.network mode=read-only action=inspect adapter
settings.network entry=net.info action=inspect adapter  verify=net.external diagnostics=net.loop
settings.network diagnostics=diagnostics action=net.inbound
settings.network inbound=ready action=net.inbound filter=dst-mac|broadcast
settings.network messaging mode=run action=connect
settings.network stack=available entry=net.status connect=net.connect send=net.send recv=net.recv
settings.readonly update network pairing policy when desktop is closed
settings.entry=shell launcher=closed control=closed
settings.available account host home status
settings.status
[DESKTOP] status launcher=closed control=closed theme=0 selected=Settings update=idle pair=unavailable policy=deny
settings.user account=dev host=luna session=active
settings.home root=0x4C41465300000020 documents=0x4C41465300000022 desktop=0x4C41465300000023 downloads=0x4C41465300000024
settings.update mode=read-only action=check-only
settings.update state=idle current=0 target=0 user=dev
settings.update entry=update.status action=check-only
settings.pairing mode=not-ready action=not ready
settings.pairing state=unavailable peer=0 user=dev
settings.pairing entry=pairing.status action=trust loop peer
settings.policy state=deny user=dev
settings.network mode=read-only action=inspect adapter
settings.network entry=net.info action=inspect adapter  verify=net.external diagnostics=net.loop
settings.network diagnostics=diagnostics action=net.inbound
settings.network inbound=ready action=net.inbound filter=dst-mac|broadcast
settings.network messaging mode=run action=connect
settings.network stack=available entry=net.status connect=net.connect send=net.send recv=net.recv
settings.readonly update network pairing policy when desktop is closed
settings.entry=shell launcher=closed control=closed
settings.available account host home status
net.loop
net.loop state=ready scope=local-only
net.loop bytes=8 data=luna-net
net.info
network state=ready loopback=available external=outbound-only user=dev host=luna
network.entry inspect=net.info verify=net.external diagnostics=net.loop
network.default mode=run status=net.status connect=net.connect send=net.send recv=net.recv
network.inbound state=ready entry=net.inbound filter=dst-mac|broadcast
network.stack state=idle entry=net.status connect=net.connect send=net.send recv=net.recv
net.info driver=13 flags=19 vendor=8086 device=10D3
net.info ctrl=0x0261 status=0x0283 rctl=0x0400C00A tctl=0x000401FA
net.info mac=52:54:00:12:34:56 mmio=0x0000000081060000
net.info rx_head=0 rx_tail=7 tx_head=1 tx_tail=1
net.info hw_rx_head=0 hw_rx_tail=7 hw_tx_head=1 hw_tx_tail=1
net.info tx_packets=1 rx_packets=0
net.external
net.external state=ready scope=outbound-only
net.external bytes=8 data=luna-ext
net.external tx_packets=1->2
run Files
launch request: Files
files surface ready
files.user dev@luna
files.documents=0x4C41465300000022
files.visible=2 selected=0
files.current=unavailable
files.next=run Notes or desktop.files.open
dev@luna:~$ 