[LunaLoader] Stage 1 online
[LunaLoader] Stage 1 read
[LunaLoader] Stage 1 copy
[LunaLoader] Stage 1 read
[LunaLoader] Stage 1 copy
[LunaLoader] Stage 1 read
[LunaLoader] Stage 1 copy
[LunaLoader] Stage 1 read
[LunaLoader] Stage 1 copy
[LunaLoader] Stage 1 read
[LunaLoader] Stage 1 copy
[LunaLoader] Stage 1 read
[LunaLoader] Stage 1 copy
[LunaLoader] Stage 1 read
[LunaLoader] Stage 1 copy
[LunaLoader] Stage 1 read
[LunaLoader] Stage 1 copy
[LunaLoader] Stage 1 read
[LunaLoader] Stage 1 copy
[LunaLoader] Stage 1 read
[LunaLoader] Stage 1 copy
[LunaLoader] Stage 1 read
[LunaLoader] Stage 1 copy
[LunaLoader] Stage 1 read
[LunaLoader] Stage 1 copy
[LunaLoader] Stage 1 read
[LunaLoader] Stage 1 copy
[LunaLoader] Stage 1 read
[LunaLoader] Stage 1 copy
[LunaLoader] Stage 1 read
[LunaLoader] Stage 1 copy
[LunaLoader] Stage 1 read
[LunaLoader] Stage 1 copy
[LunaLoader] Stage 1 read
[LunaLoader] Stage 1 copy
[LunaLoader] Stage 1 read
[LunaLoader] Stage 1 copy
[LunaLoader] Stage 1 read
[LunaLoader] Stage 1 copy
[LunaLoader] Stage 1 read
[LunaLoader] Stage 1 copy
[LunaLoader] Stage 1 read
[LunaLoader] Stage 1 copy
[LunaLoader] Stage 1 read
[LunaLoader] Stage 1 copy
[LunaLoader] Stage 1 read
[LunaLoader] Stage 1 copy
[LunaLoader] Stage 1 read
[LunaLoader] Stage 1 copy
[LunaLoader] Stage 1 read
[LunaLoader] Stage 1 copy
[LunaLoader] Stage 1 read
[LunaLoader] Stage 1 copy
[LunaLoader] Stage 1 read
[LunaLoader] Stage 1 copy
[LunaLoader] Stage 1 read
[LunaLoader] Stage 1 copy
[LunaLoader] Stage 2 loaded
[BOOT] dawn online
[BOOT] bootview enter
[BOOT] bootview done
[BOOT] fb done
[BOOT] security enter
[SECURITY] boot enter
[SECURITY] seed cid
[SECURITY] pour cid
[SECURITY] draw cid
[SECURITY] gather cid
[SECURITY] ready
[BOOT] security return
[BOOT] request enter
[BOOT] capability request ok
[BOOT] roster enter
[BOOT] capability roster ok
[BOOT] lifecycle enter
[LIFECYCLE] ledger online
[BOOT] lifecycle return
[BOOT] system enter
[SYSTEM] atlas online
[SYSTEM] Spawning DEVICE space...
[LIFECYCLE] Spawning space  5
[LIFECYCLE] device boot enter
[DEVICE] clock ready
[VIRTKBD] pci missing
[DEVICE] input ready
[DEVICE] lane ready
[LIFECYCLE] device boot return
[LIFECYCLE] device log enable
[LIFECYCLE] device log ready
[SYSTEM] Space 5 ready.
[SYSTEM] Spawning DATA space...
[LIFECYCLE] Spawning space  2
[SYSTEM] Space 2 ready.
[SYSTEM] Spawning GRAPHICS space...
[LIFECYCLE] Spawning space  4
[GRAPHICS] console ready
[SYSTEM] Space 4 ready.
[SYSTEM] Spawning NETWORK space...
[LIFECYCLE] Spawning space  6
[NETWORK] lunalink ready
[SYSTEM] Space 6 ready.
[SYSTEM] Spawning TIME space...
[LIFECYCLE] Spawning space  8
[TIME] pulse ready
[SYSTEM] Space 8 ready.
[SYSTEM] Spawning OBSERVE space...
[LIFECYCLE] Spawning space 10
[OBSERVE] ribbon ready
[SYSTEM] Space 10 ready.
[SYSTEM] Spawning PROGRAM space...
[LIFECYCLE] Spawning space 12
[SYSTEM] Space 12 ready.
[SYSTEM] Spawning AI space...
[LIFECYCLE] Spawning space 11
[AI] yuesi stub ready
[SYSTEM] Space 11 ready.
[SYSTEM] Spawning PACKAGE space...
[LIFECYCLE] Spawning space 13
[SYSTEM] Space 13 ready.
[SYSTEM] Spawning UPDATE space...
[LIFECYCLE] Spawning space 14
[UPDATE] wave ready
[SYSTEM] Space 14 ready.
[SYSTEM] Spawning USER space...
[LIFECYCLE] Spawning space  7
[USERDBG] enter
[USERDBG] caps ok
[USERDBG] drain ok
[USER] shell ready
[USER] input lane ready
login required: session is locked
login <username> <password>
[USERDBG] msg ok
login dev secret
login ok: session active
update.status
update mode=read-only action=applied
update state=active current=2 target=2 user=dev host=luna
update action=applied
list-apps
Settings
Files
Notes
Guard
Console
sample.luna
run sample
launch request: sample.luna
apps 1-5 or F/N/G/C/H
menu Esc   focus Tab
move or browse with arrows
open with Enter
type in Notes when the note is focused
next open Settings, Files, or Notes
window keys F6 close  F7 hide  F8 zoom
dev@luna:~$ 