[LunaLoader] Stage 1 online
[LunaLoader] Stage 1 read
[LunaLoader] Stage 1 copy
[LunaLoader] Stage 1 read
[LunaLoader] Stage 1 copy
[LunaLoader] Stage 1 read
[LunaLoader] Stage 1 copy
[LunaLoader] Stage 1 read
[LunaLoader] Stage 1 copy
[LunaLoader] Stage 1 read
[LunaLoader] Stage 1 copy
[LunaLoader] Stage 1 read
[LunaLoader] Stage 1 copy
[LunaLoader] Stage 1 read
[LunaLoader] Stage 1 copy
[LunaLoader] Stage 1 read
[LunaLoader] Stage 1 copy
[LunaLoader] Stage 1 read
[LunaLoader] Stage 1 copy
[LunaLoader] Stage 1 read
[LunaLoader] Stage 1 copy
[LunaLoader] Stage 1 read
[LunaLoader] Stage 1 copy
[LunaLoader] Stage 1 read
[LunaLoader] Stage 1 copy
[LunaLoader] Stage 1 read
[LunaLoader] Stage 1 copy
[LunaLoader] Stage 1 read
[LunaLoader] Stage 1 copy
[LunaLoader] Stage 1 read
[LunaLoader] Stage 1 copy
[LunaLoader] Stage 1 read
[LunaLoader] Stage 1 copy
[LunaLoader] Stage 1 read
[LunaLoader] Stage 1 copy
[LunaLoader] Stage 1 read
[LunaLoader] Stage 1 copy
[LunaLoader] Stage 1 read
[LunaLoader] Stage 1 copy
[LunaLoader] Stage 1 read
[LunaLoader] Stage 1 copy
[LunaLoader] Stage 1 read
[LunaLoader] Stage 1 copy
[LunaLoader] Stage 1 read
[LunaLoader] Stage 1 copy
[LunaLoader] Stage 1 read
[LunaLoader] Stage 1 copy
[LunaLoader] Stage 1 read
[LunaLoader] Stage 1 copy
[LunaLoader] Stage 1 read
[LunaLoader] Stage 1 copy
[LunaLoader] Stage 1 read
[LunaLoader] Stage 1 copy
[LunaLoader] Stage 1 read
[LunaLoader] Stage 1 copy
[LunaLoader] Stage 1 read
[LunaLoader] Stage 1 copy
[LunaLoader] Stage 2 loaded
[BOOT] dawn online
[BOOT] bootview enter
[BOOT] bootview done
[BOOT] fb done
[BOOT] security enter
[SECURITY] boot enter
[SECURITY] seed cid
[SECURITY] pour cid
[SECURITY] draw cid
[SECURITY] gather cid
[SECURITY] ready
[BOOT] security return
[BOOT] request enter
[BOOT] capability request ok
[BOOT] roster enter
[BOOT] capability roster ok
[BOOT] lifecycle enter
[LIFECYCLE] ledger online
[BOOT] lifecycle return
[BOOT] system enter
[SYSTEM] atlas online
[SYSTEM] Spawning DEVICE space...
[LIFECYCLE] Spawning space  5
[LIFECYCLE] device boot enter
[DEVICE] clock ready
[VIRTKBD] pci missing
[DEVICE] input ready
[DEVICE] lane ready
[LIFECYCLE] device boot return
[LIFECYCLE] device log enable
[LIFECYCLE] device log ready
[SYSTEM] Space 5 ready.
[SYSTEM] Spawning DATA space...
[LIFECYCLE] Spawning space  2
[SYSTEM] Space 2 ready.
[SYSTEM] Spawning GRAPHICS space...
[LIFECYCLE] Spawning space  4
[GRAPHICS] console ready
[SYSTEM] Space 4 ready.
[SYSTEM] Spawning NETWORK space...
[LIFECYCLE] Spawning space  6
[NETWORK] lunalink ready
[SYSTEM] Space 6 ready.
[SYSTEM] Spawning TIME space...
[LIFECYCLE] Spawning space  8
[TIME] pulse ready
[SYSTEM] Space 8 ready.
[SYSTEM] Spawning OBSERVE space...
[LIFECYCLE] Spawning space 10
[OBSERVE] ribbon ready
[SYSTEM] Space 10 ready.
[SYSTEM] Spawning PROGRAM space...
[LIFECYCLE] Spawning space 12
[SYSTEM] Space 12 ready.
[SYSTEM] Spawning AI space...
[LIFECYCLE] Spawning space 11
[AI] yuesi stub ready
[SYSTEM] Space 11 ready.
[SYSTEM] Spawning PACKAGE space...
[LIFECYCLE] Spawning space 13
guard
hello
files
notes
console
[SYSTEM] Space 13 ready.
[SYSTEM] Spawning UPDATE space...
[LIFECYCLE] Spawning space 14
[UPDATE] wave ready
[SYSTEM] Space 14 ready.
[SYSTEM] Spawning USER space...
[LIFECYCLE] Spawning space  7
[USERDBG] enter
[USERDBG] caps ok
[USERDBG] drain ok
[USER] shell ready
[USER] input lane ready
first-setup required: no hostname or user configured
setup.init <hostname> <username> <password>
[USERDBG] msg ok
setup.status
setup state=required login=locked user=guest host=luna
setup.next=setup.init
setup.init luna dev secret
setup.init ok: host and first user created
login ok: session active
whoami
dev
hostname
luna
home.status
home owner=dev@luna
home.root=0x4C4146530000001A
home.documents=0x4C4146530000001C home.desktop=0x4C4146530000001D home.downloads=0x4C4146530000001E
cap-count
caps: 021
cap-list
user.shell uses=4096 ttl=64
cap uses=4096 ttl=64
life.read uses=4096 ttl=64
system.query uses=4096 ttl=64
program.load uses=4096 ttl=64
program.start uses=4096 ttl=64
data.seed uses=4085 ttl=64
data.pour uses=4084 ttl=64
data.draw uses=3975 ttl=64
data.gather uses=4091 ttl=64
device.list uses=4096 ttl=64
device.read uses=4094 ttl=64
device.write uses=4044 ttl=64
cap uses=4096 ttl=64
cap uses=4096 ttl=64
cap uses=4096 ttl=64 target=NETWORK:0
cap uses=4096 ttl=64 target=NETWORK:0
graphics.draw uses=4095 ttl=64
cap uses=4095 ttl=64
cap uses=4096 ttl=64
cap uses=4096 ttl=64
seal-list
seals: 0
space-map
BOOT state=active mem=0 time=0 event=BOOTLIVE
SECURITY state=active mem=0 time=0 event=SECREADY
LIFECYCLE state=active mem=0 time=0 event=LIFEREAD
SYSTEM state=active mem=0 time=2 event=SYSREADY
DEVICE state=active mem=0 time=0 event=DEVREADY
DATA state=active mem=8 time=0 event=LAFSDISK
GRAPHICS state=active mem=0 time=0 event=GVXREADY
NETWORK state=active mem=0 time=0 event=NETREADY
TIME state=active mem=0 time=0 event=TIMEREAD
OBSERVE state=active mem=0 time=0 event=OBSREADY
PROGRAM state=active mem=0 time=0 event=PROGREAD
AI state=active mem=0 time=0 event=AIREADY!
PACKAGE state=active mem=0 time=0 event=PKGREADY
UPDATE state=active mem=0 time=0 event=UPDREADY
USER state=booting mem=0 time=0 event=USRBOOTI
store-info
lafs.version: 2
lafs.objects: 34
lafs.state: clean
lafs.mounts: 1
lafs.formats: 1
lafs.nonce: 88
lafs.last-repair: none
lafs.last-scrubbed: 0
store-check
lafs.health: ok
lafs.invalid: 0
lafs.objects: 34
list-apps
Settings
Files
Notes
Guard
Console
package.install sample
sample
package.install ok
package.install app=sample.luna status=installed
package.install package=sample.luna
package.install result=visible in Apps and ready to open
package.install next=run sample.luna
list-apps
Settings
Files
Notes
Guard
Console
sample.luna
run sample
launch request: sample.luna
apps 1-5 or F/N/G/C/H
menu Esc   focus Tab
move or browse with arrows
open with Enter
type in Notes when the note is focused
next open Settings, Files, or Notes
window keys F6 close  F7 hide  F8 zoom
package.remove sample
package.remove ok
package.remove app=sample status=removed
package.remove package=sample
package.remove result=removed from Apps and launch blocked
list-apps
Settings
Files
Notes
Guard
Console
run sample
launch request: sample
launch failed
use help or list-apps to choose an installed app
run Notes
launch request: Notes
workspace created
title firstlight
text Luna note seed
status ready for editing
next type in Notes or use desktop.note <text>
run Files
launch request: Files
files surface ready
files.user dev@luna
files.documents=0x4C4146530000001C
files.visible=2 selected=0
files.current=unavailable
files.next=run Notes or desktop.files.open
run Guard
launch request: Guard
security center
active cids: 8
live seals: 0
live spaces: 15
device lanes: 7
observe entries: 1
observe level: info
OBSERVABILITY [info]: observe online
action: revoke-cap
space-log
#15 USER booting USRBOOTI
#14 UPDATE active UPDREADY
#13 PACKAGE active PKGREADY
#12 AI active AIREADY!
#11 PROGRAM active PROGREAD
#10 OBSERVE active OBSREADY
#9 TIME active TIMEREAD
#8 NETWORK active NETREADY
lane-census
serial0 kind=serial class=stream driver=piix-uart flags=present|ready|boot id=1
disk0 kind=disk class=block driver=piix-ide flags=present|ready|boot|fallback|polling id=2
display0 kind=display class=scanout driver=std-vga-text flags=present|ready|boot id=3
clock0 kind=clock class=clock driver=pit-tsc flags=present|ready|boot|polling id=4
input0 kind=input class=input driver=i8042-kbd flags=present|ready|boot|polling id=5
net0 kind=network class=link driver=e1000 flags=present|ready|polling id=6
pointer0 kind=input class=input driver=i8042-mouse flags=present|ready|boot|polling id=7
pci-scan
00:00.0 host-bridge vendor=8086 device=1237 class=06:00:00
00:01.0 isa-bridge vendor=8086 device=7000 class=06:01:00
00:01.1 ide vendor=8086 device=7010 class=01:01:80
00:01.3 other vendor=8086 device=7113 class=06:80:00
00:02.0 vga vendor=1234 device=1111 class=03:00:00
00:03.0 ethernet vendor=8086 device=100E class=02:00:00
net.loop
net.loop state=ready scope=local-only
net.loop bytes=8 data=luna-net
net.info
network state=ready loopback=available external=outbound-only user=dev host=luna
network.entry inspect=net.info verify=net.external diagnostics=net.loop
network.default mode=run status=net.status connect=net.connect send=net.send recv=net.recv
network.inbound state=ready entry=net.inbound filter=dst-mac|broadcast
network.stack state=idle entry=net.status connect=net.connect send=net.send recv=net.recv
net.info driver=11 flags=19 vendor=8086 device=100E
net.info ctrl=0x0260 status=0x0783 rctl=0x0400C00A tctl=0x000401FA
net.info mac=52:54:00:12:34:56 mmio=0x0000000010000000
net.info rx_head=0 rx_tail=7 tx_head=1 tx_tail=1
net.info hw_rx_head=0 hw_rx_tail=7 hw_tx_head=1 hw_tx_tail=1
net.info tx_packets=1 rx_packets=0
net.external
net.external state=ready scope=outbound-only
net.external bytes=8 data=luna-ext
net.external tx_packets=1->2
revoke-cap program.load
revoked: program.load (1)
cap-count
caps: 020
run Settings
launch request: Settings
settings surface ready
[DESKTOP] status launcher=closed control=closed theme=0 selected=Settings update=idle pair=unavailable policy=deny
settings.user account=dev host=luna session=active
settings.home root=0x4C4146530000001A documents=0x4C4146530000001C desktop=0x4C4146530000001D downloads=0x4C4146530000001E
settings.update mode=read-only action=check-only
settings.update state=idle current=0 target=0 user=dev
settings.update entry=update.status action=check-only
settings.pairing mode=not-ready action=not ready
settings.pairing state=unavailable peer=0 user=dev
settings.pairing entry=pairing.status action=trust loop peer
settings.policy state=deny user=dev
settings.network mode=read-only action=inspect adapter
settings.network entry=net.info action=inspect adapter  verify=net.external diagnostics=net.loop
settings.network diagnostics=diagnostics action=net.inbound
settings.network inbound=ready action=net.inbound filter=dst-mac|broadcast
settings.network messaging mode=run action=connect
settings.network stack=available entry=net.status connect=net.connect send=net.send recv=net.recv
settings.readonly update network pairing policy when desktop is closed
settings.entry=shell launcher=closed control=closed
settings.available account host home status
settings.status
[DESKTOP] status launcher=closed control=closed theme=0 selected=Settings update=idle pair=unavailable policy=deny
settings.user account=dev host=luna session=active
settings.home root=0x4C4146530000001A documents=0x4C4146530000001C desktop=0x4C4146530000001D downloads=0x4C4146530000001E
settings.update mode=read-only action=check-only
settings.update state=idle current=0 target=0 user=dev
settings.update entry=update.status action=check-only
settings.pairing mode=not-ready action=not ready
settings.pairing state=unavailable peer=0 user=dev
settings.pairing entry=pairing.status action=trust loop peer
settings.policy state=deny user=dev
settings.network mode=read-only action=inspect adapter
settings.network entry=net.info action=inspect adapter  verify=net.external diagnostics=net.loop
settings.network diagnostics=diagnostics action=net.inbound
settings.network inbound=ready action=net.inbound filter=dst-mac|broadcast
settings.network messaging mode=run action=connect
settings.network stack=available entry=net.status connect=net.connect send=net.send recv=net.recv
settings.readonly update network pairing policy when desktop is closed
settings.entry=shell launcher=closed control=closed
settings.available account host home status
bogus
unknown command; run help
use help or list-apps to choose an installed app
revoke-cap device.list
revoked: device.list (1)
cap-count
caps: 019
list-devices
list-devices failed
dev@luna:~$ 