[2J[01;01H[=3h[2J[01;01H[2J[01;01H[=3h[2J[01;01H[2J[01;01H[=3h[2J[01;01HBdsDxe: loading Boot0001 "UEFI QEMU DVD-ROM QM00005 " from PciRoot(0x0)/Pci(0x1F,0x2)/Sata(0x2,0xFFFF,0x0)
BdsDxe: starting Boot0001 "UEFI QEMU DVD-ROM QM00005 " from PciRoot(0x0)/Pci(0x1F,0x2)/Sata(0x2,0xFFFF,0x0)
LunaOS UEFI handoff
[BOOT] dawn online
[SECURITY] ready
[BOOT] capability request ok
[BOOT] capability roster ok
[LIFECYCLE] ledger online
[SYSTEM] atlas online
[SYSTEM] Spawning DEVICE space...
[LIFECYCLE] Spawning space  5
[VIRTKBD] pci missing
[DEVICE] lane ready
[SYSTEM] Space 5 ready.
[SYSTEM] Spawning DATA space...
[LIFECYCLE] Spawning space  2
[DATA] load super fail
[DATA] lafs disk fail
[SYSTEM] Space 2 ready.
[SYSTEM] Spawning GRAPHICS space...
[LIFECYCLE] Spawning space  4
[GRAPHICS] framebuffer ready
[SYSTEM] Space 4 ready.
[SYSTEM] Spawning NETWORK space...
[LIFECYCLE] Spawning space  6
[NETWORK] loop ready
[SYSTEM] Space 6 ready.
[SYSTEM] Spawning TIME space...
[LIFECYCLE] Spawning space  8
[TIME] pulse ready
[SYSTEM] Space 8 ready.
[SYSTEM] Spawning OBSERVE space...
[LIFECYCLE] Spawning space 10
[OBSERVE] ribbon ready
[SYSTEM] Space 10 ready.
[SYSTEM] Spawning PROGRAM space...
[LIFECYCLE] Spawning space 12
[PROGRAM] runtime ready
[SYSTEM] Space 12 ready.
[SYSTEM] Spawning AI space...
[LIFECYCLE] Spawning space 11
[AI] yuesi stub ready
[SYSTEM] Space 11 ready.
[SYSTEM] Spawning PACKAGE space...
[LIFECYCLE] Spawning space 13
[PACKAGE] catalog ready
[SYSTEM] Space 13 ready.
[SYSTEM] Spawning UPDATE space...
[LIFECYCLE] Spawning space 14
[UPDATE] wave ready
[SYSTEM] Space 14 ready.
[SYSTEM] Spawning USER space...
[LIFECYCLE] Spawning space  7
[USERDBG] enter
[USERDBG] caps ok
[USERDBG] drain ok
[USER] shell ready
[USER] input lane ready
[USER] desktop session online
[USERDBG] msg ok
